<?xml version="1.0" encoding="UTF-8"?>
<testng-results ignored="0" total="2" passed="2" failed="0" skipped="0">
  <reporter-output>
  </reporter-output>
  <suite started-at="2022-06-12T22:08:13 EDT" name="Suite" finished-at="2022-06-12T22:08:31 EDT" duration-ms="17444">
    <groups>
    </groups>
    <test started-at="2022-06-12T22:08:13 EDT" name="Test" finished-at="2022-06-12T22:08:31 EDT" duration-ms="17444">
      <class name="sampleTest.GoogleSearchTest">
        <test-method is-config="true" signature="beforeClass()[pri:0, instance:sampleTest.GoogleSearchTest@14a2f921]" started-at="2022-06-12T22:08:14 EDT" name="beforeClass" finished-at="2022-06-12T22:08:23 EDT" duration-ms="9037" status="PASS">
          <reporter-output>
          </reporter-output>
        </test-method> <!-- beforeClass -->
        <test-method signature="f()[pri:0, instance:sampleTest.GoogleSearchTest@14a2f921]" started-at="2022-06-12T22:08:23 EDT" name="f" finished-at="2022-06-12T22:08:24 EDT" duration-ms="1586" status="PASS">
          <reporter-output>
          </reporter-output>
        </test-method> <!-- f -->
        <test-method is-config="true" signature="afterClass()[pri:0, instance:sampleTest.GoogleSearchTest@14a2f921]" started-at="2022-06-12T22:08:24 EDT" name="afterClass" finished-at="2022-06-12T22:08:24 EDT" duration-ms="254" status="PASS">
          <reporter-output>
          </reporter-output>
        </test-method> <!-- afterClass -->
      </class> <!-- sampleTest.GoogleSearchTest -->
      <class name="sampleTest.MultipleWindowsTest">
        <test-method is-config="true" signature="beforeClass()[pri:0, instance:sampleTest.MultipleWindowsTest@3c87521]" started-at="2022-06-12T22:08:14 EDT" name="beforeClass" finished-at="2022-06-12T22:08:26 EDT" duration-ms="11956" status="PASS">
          <reporter-output>
          </reporter-output>
        </test-method> <!-- beforeClass -->
        <test-method signature="f()[pri:0, instance:sampleTest.MultipleWindowsTest@3c87521]" started-at="2022-06-12T22:08:26 EDT" name="f" finished-at="2022-06-12T22:08:31 EDT" duration-ms="5264" status="PASS">
          <reporter-output>
          </reporter-output>
        </test-method> <!-- f -->
        <test-method is-config="true" signature="afterClass()[pri:0, instance:sampleTest.MultipleWindowsTest@3c87521]" started-at="2022-06-12T22:08:31 EDT" name="afterClass" finished-at="2022-06-12T22:08:31 EDT" duration-ms="131" status="PASS">
          <reporter-output>
          </reporter-output>
        </test-method> <!-- afterClass -->
      </class> <!-- sampleTest.MultipleWindowsTest -->
    </test> <!-- Test -->
  </suite> <!-- Suite -->
</testng-results>
